{"C:\\Users\\erick.vgusson\\Documents\\GitHub\\SENAC-UC11-TESTES\\Aula_04(calculadora-testes)\\Calculadora-Testes\\src\\javascript\\divisao.js": {"path":"C:\\Users\\erick.vgusson\\Documents\\GitHub\\SENAC-UC11-TESTES\\Aula_04(calculadora-testes)\\Calculadora-Testes\\src\\javascript\\divisao.js","statementMap":{"0":{"start":{"line":2,"column":4},"end":{"line":2,"column":17}},"1":{"start":{"line":6,"column":0},"end":{"line":6,"column":24}}},"fnMap":{"0":{"name":"divide","decl":{"start":{"line":1,"column":9},"end":{"line":1,"column":15}},"loc":{"start":{"line":1,"column":20},"end":{"line":3,"column":1}},"line":1}},"branchMap":{},"s":{"0":5,"1":1},"f":{"0":5},"b":{},"_coverageSchema":"1a1c01bbd47fc00a2c39e90264f33305004495a9","hash":"6b8a78f5dd51f1e17eb70aec42bb4deb1278467a"}
,"C:\\Users\\erick.vgusson\\Documents\\GitHub\\SENAC-UC11-TESTES\\Aula_04(calculadora-testes)\\Calculadora-Testes\\src\\javascript\\multiplicacao.js": {"path":"C:\\Users\\erick.vgusson\\Documents\\GitHub\\SENAC-UC11-TESTES\\Aula_04(calculadora-testes)\\Calculadora-Testes\\src\\javascript\\multiplicacao.js","statementMap":{"0":{"start":{"line":2,"column":4},"end":{"line":2,"column":17}},"1":{"start":{"line":6,"column":0},"end":{"line":6,"column":28}}},"fnMap":{"0":{"name":"multiplica","decl":{"start":{"line":1,"column":9},"end":{"line":1,"column":19}},"loc":{"start":{"line":1,"column":24},"end":{"line":3,"column":1}},"line":1}},"branchMap":{},"s":{"0":5,"1":1},"f":{"0":5},"b":{},"_coverageSchema":"1a1c01bbd47fc00a2c39e90264f33305004495a9","hash":"be7211f6dd6c2367f2879ff63a5f372c526541b5"}
,"C:\\Users\\erick.vgusson\\Documents\\GitHub\\SENAC-UC11-TESTES\\Aula_04(calculadora-testes)\\Calculadora-Testes\\src\\javascript\\soma.js": {"path":"C:\\Users\\erick.vgusson\\Documents\\GitHub\\SENAC-UC11-TESTES\\Aula_04(calculadora-testes)\\Calculadora-Testes\\src\\javascript\\soma.js","statementMap":{"0":{"start":{"line":2,"column":4},"end":{"line":2,"column":17}},"1":{"start":{"line":6,"column":0},"end":{"line":6,"column":22}}},"fnMap":{"0":{"name":"soma","decl":{"start":{"line":1,"column":9},"end":{"line":1,"column":13}},"loc":{"start":{"line":1,"column":18},"end":{"line":3,"column":1}},"line":1}},"branchMap":{},"s":{"0":5,"1":1},"f":{"0":5},"b":{},"_coverageSchema":"1a1c01bbd47fc00a2c39e90264f33305004495a9","hash":"5a56164d37f3620f757d7fe98f15a41e9fb5ee23"}
,"C:\\Users\\erick.vgusson\\Documents\\GitHub\\SENAC-UC11-TESTES\\Aula_04(calculadora-testes)\\Calculadora-Testes\\src\\javascript\\subtracao.js": {"path":"C:\\Users\\erick.vgusson\\Documents\\GitHub\\SENAC-UC11-TESTES\\Aula_04(calculadora-testes)\\Calculadora-Testes\\src\\javascript\\subtracao.js","statementMap":{"0":{"start":{"line":2,"column":4},"end":{"line":2,"column":17}},"1":{"start":{"line":6,"column":0},"end":{"line":6,"column":25}}},"fnMap":{"0":{"name":"subtrai","decl":{"start":{"line":1,"column":9},"end":{"line":1,"column":16}},"loc":{"start":{"line":1,"column":21},"end":{"line":3,"column":1}},"line":1}},"branchMap":{},"s":{"0":5,"1":1},"f":{"0":5},"b":{},"_coverageSchema":"1a1c01bbd47fc00a2c39e90264f33305004495a9","hash":"660554d6826e8fab8959477c1a77aa94dfbcd504"}
}
