TN:
SF:Calculadora-Testes\src\javascript\divisao.js
FN:1,divide
FNF:1
FNH:1
FNDA:5,divide
DA:2,5
DA:6,1
LF:2
LH:2
BRF:0
BRH:0
end_of_record
TN:
SF:Calculadora-Testes\src\javascript\multiplicacao.js
FN:1,multiplica
FNF:1
FNH:1
FNDA:5,multiplica
DA:2,5
DA:6,1
LF:2
LH:2
BRF:0
BRH:0
end_of_record
TN:
SF:Calculadora-Testes\src\javascript\soma.js
FN:1,soma
FNF:1
FNH:1
FNDA:5,soma
DA:2,5
DA:6,1
LF:2
LH:2
BRF:0
BRH:0
end_of_record
TN:
SF:Calculadora-Testes\src\javascript\subtracao.js
FN:1,subtrai
FNF:1
FNH:1
FNDA:5,subtrai
DA:2,5
DA:6,1
LF:2
LH:2
BRF:0
BRH:0
end_of_record
